CRITICAL - 2023-11-20 11:05:36 --> View themes, no current section.
in SYSTEMPATH\View\View.php on line 425.
 1 APPPATH\Views\user\formPermohonan.php(41): CodeIgniter\View\View->endSection('tittle')
 2 SYSTEMPATH\View\View.php(228): include('C:\\xampp\\htdocs\\pdln\\app\\Views\\user\\formPermohonan.php')
 3 SYSTEMPATH\View\View.php(231): CodeIgniter\View\View->CodeIgniter\View\{closure}()
 4 SYSTEMPATH\Common.php(1190): CodeIgniter\View\View->render('user/formPermohonan', [], true)
 5 APPPATH\Controllers\Form.php(24): view('user/formPermohonan', [...])
 6 SYSTEMPATH\CodeIgniter.php(942): App\Controllers\Form->forminputdatapermohonan()
 7 SYSTEMPATH\CodeIgniter.php(502): CodeIgniter\CodeIgniter->runController(Object(App\Controllers\Form))
 8 SYSTEMPATH\CodeIgniter.php(361): CodeIgniter\CodeIgniter->handleRequest(null, Object(Config\Cache), false)
 9 FCPATH\index.php(79): CodeIgniter\CodeIgniter->run()
CRITICAL - 2023-11-20 11:05:47 --> View themes, no current section.
in SYSTEMPATH\View\View.php on line 425.
 1 APPPATH\Views\user\formPermohonan.php(41): CodeIgniter\View\View->endSection('tittle')
 2 SYSTEMPATH\View\View.php(228): include('C:\\xampp\\htdocs\\pdln\\app\\Views\\user\\formPermohonan.php')
 3 SYSTEMPATH\View\View.php(231): CodeIgniter\View\View->CodeIgniter\View\{closure}()
 4 SYSTEMPATH\Common.php(1190): CodeIgniter\View\View->render('user/formPermohonan', [], true)
 5 APPPATH\Controllers\Form.php(24): view('user/formPermohonan', [...])
 6 SYSTEMPATH\CodeIgniter.php(942): App\Controllers\Form->forminputdatapermohonan()
 7 SYSTEMPATH\CodeIgniter.php(502): CodeIgniter\CodeIgniter->runController(Object(App\Controllers\Form))
 8 SYSTEMPATH\CodeIgniter.php(361): CodeIgniter\CodeIgniter->handleRequest(null, Object(Config\Cache), false)
 9 FCPATH\index.php(79): CodeIgniter\CodeIgniter->run()
CRITICAL - 2023-11-20 14:13:47 --> Undefined variable $tampilnegara
in APPPATH\Views\user\formPermohonanBaru.php on line 68.
 1 APPPATH\Views\user\formPermohonanBaru.php(68): CodeIgniter\Debug\Exceptions->errorHandler(2, 'Undefined variable $tampilnegara', 'C:\\xampp\\htdocs\\pdln\\app\\Views\\user\\formPermohonanBaru.php', 68)
 2 SYSTEMPATH\View\View.php(228): include('C:\\xampp\\htdocs\\pdln\\app\\Views\\user\\formPermohonanBaru.php')
 3 SYSTEMPATH\View\View.php(231): CodeIgniter\View\View->CodeIgniter\View\{closure}()
 4 SYSTEMPATH\Common.php(1190): CodeIgniter\View\View->render('user/formPermohonanBaru', [], true)
 5 APPPATH\Controllers\Form.php(16): view('user/formPermohonanBaru')
 6 SYSTEMPATH\CodeIgniter.php(942): App\Controllers\Form->index()
 7 SYSTEMPATH\CodeIgniter.php(502): CodeIgniter\CodeIgniter->runController(Object(App\Controllers\Form))
 8 SYSTEMPATH\CodeIgniter.php(361): CodeIgniter\CodeIgniter->handleRequest(null, Object(Config\Cache), false)
 9 FCPATH\index.php(79): CodeIgniter\CodeIgniter->run()
CRITICAL - 2023-11-20 14:13:51 --> Undefined variable $tampilnegara
in APPPATH\Views\user\formPermohonanBaru.php on line 68.
 1 APPPATH\Views\user\formPermohonanBaru.php(68): CodeIgniter\Debug\Exceptions->errorHandler(2, 'Undefined variable $tampilnegara', 'C:\\xampp\\htdocs\\pdln\\app\\Views\\user\\formPermohonanBaru.php', 68)
 2 SYSTEMPATH\View\View.php(228): include('C:\\xampp\\htdocs\\pdln\\app\\Views\\user\\formPermohonanBaru.php')
 3 SYSTEMPATH\View\View.php(231): CodeIgniter\View\View->CodeIgniter\View\{closure}()
 4 SYSTEMPATH\Common.php(1190): CodeIgniter\View\View->render('user/formPermohonanBaru', [], true)
 5 APPPATH\Controllers\Form.php(16): view('user/formPermohonanBaru')
 6 SYSTEMPATH\CodeIgniter.php(942): App\Controllers\Form->index()
 7 SYSTEMPATH\CodeIgniter.php(502): CodeIgniter\CodeIgniter->runController(Object(App\Controllers\Form))
 8 SYSTEMPATH\CodeIgniter.php(361): CodeIgniter\CodeIgniter->handleRequest(null, Object(Config\Cache), false)
 9 FCPATH\index.php(79): CodeIgniter\CodeIgniter->run()
CRITICAL - 2023-11-20 14:23:26 --> CodeIgniter\BaseModel::findAll(): Argument #1 ($limit) must be of type int, string given, called in C:\xampp\htdocs\pdln\app\Controllers\Form.php on line 19
in SYSTEMPATH\BaseModel.php on line 607.
 1 APPPATH\Controllers\Form.php(19): CodeIgniter\BaseModel->findAll('asc')
 2 SYSTEMPATH\CodeIgniter.php(942): App\Controllers\Form->index()
 3 SYSTEMPATH\CodeIgniter.php(502): CodeIgniter\CodeIgniter->runController(Object(App\Controllers\Form))
 4 SYSTEMPATH\CodeIgniter.php(361): CodeIgniter\CodeIgniter->handleRequest(null, Object(Config\Cache), false)
 5 FCPATH\index.php(79): CodeIgniter\CodeIgniter->run()
