CRITICAL - 2023-11-10 08:58:49 --> syntax error, unexpected identifier "dashboard", expecting "," or ";"
in APPPATH\Views\user\dashboardUser.php on line 9.
 1 SYSTEMPATH\View\View.php(231): CodeIgniter\View\View->CodeIgniter\View\{closure}()
 2 SYSTEMPATH\Common.php(1190): CodeIgniter\View\View->render('user/dashboardUser', [], true)
 3 APPPATH\Controllers\Home.php(9): view('user/dashboardUser')
 4 SYSTEMPATH\CodeIgniter.php(942): App\Controllers\Home->index()
 5 SYSTEMPATH\CodeIgniter.php(502): CodeIgniter\CodeIgniter->runController(Object(App\Controllers\Home))
 6 SYSTEMPATH\CodeIgniter.php(361): CodeIgniter\CodeIgniter->handleRequest(null, Object(Config\Cache), false)
 7 FCPATH\index.php(79): CodeIgniter\CodeIgniter->run()
CRITICAL - 2023-11-10 10:48:14 --> Undefined variable $row
in APPPATH\Views\user\daftarTiket.php on line 67.
 1 APPPATH\Views\user\daftarTiket.php(67): CodeIgniter\Debug\Exceptions->errorHandler(2, 'Undefined variable $row', 'C:\\xampp\\htdocs\\pdln\\app\\Views\\user\\daftarTiket.php', 67)
 2 SYSTEMPATH\View\View.php(228): include('C:\\xampp\\htdocs\\pdln\\app\\Views\\user\\daftarTiket.php')
 3 SYSTEMPATH\View\View.php(231): CodeIgniter\View\View->CodeIgniter\View\{closure}()
 4 SYSTEMPATH\Common.php(1190): CodeIgniter\View\View->render('user/daftarTiket', [], true)
 5 APPPATH\Controllers\Daftar.php(9): view('user/daftarTiket')
 6 SYSTEMPATH\CodeIgniter.php(942): App\Controllers\Daftar->index()
 7 SYSTEMPATH\CodeIgniter.php(502): CodeIgniter\CodeIgniter->runController(Object(App\Controllers\Daftar))
 8 SYSTEMPATH\CodeIgniter.php(361): CodeIgniter\CodeIgniter->handleRequest(null, Object(Config\Cache), false)
 9 FCPATH\index.php(79): CodeIgniter\CodeIgniter->run()
